app/build/outputs/logs/manifest-merger-debug-report.txt
-- Merging decision tree log ---
manifest
ADDED from src/main/AndroidManifest.xml:2:1-80:13
	package
		ADDED from src/main/AndroidManifest.xml:3:5-48
		INJECTED from src/main/AndroidManifest.xml
		INJECTED from src/main/AndroidManifest.xml
	android:versionName
		INJECTED from src/main/AndroidManifest.xml
		INJECTED from src/main/AndroidManifest.xml
	xmlns:android
		ADDED from src/main/AndroidManifest.xml:2:11-69
	android:versionCode
		INJECTED from src/main/AndroidManifest.xml
		INJECTED from src/main/AndroidManifest.xml
application
ADDED from src/main/AndroidManifest.xml:5:2-78:15
MERGED from [com.android.support:appcompat-v7:26.0.1] AndroidManifest.xml:25:5-29:19
MERGED from [com.android.support:support-v4:26.0.1] AndroidManifest.xml:25:5-29:19
MERGED from [com.android.support:support-media-compat:26.0.1] AndroidManifest.xml:25:5-29:19
MERGED from [com.android.support:support-fragment:26.0.1] AndroidManifest.xml:25:5-29:19
MERGED from [com.android.support:support-core-utils:26.0.1] AndroidManifest.xml:25:5-29:19
MERGED from [com.android.support:animated-vector-drawable:26.0.1] AndroidManifest.xml:22:5-26:19
MERGED from [com.android.support:support-vector-drawable:26.0.1] AndroidManifest.xml:22:5-26:19
MERGED from [com.android.support.constraint:constraint-layout:1.0.2] AndroidManifest.xml:9:5-20
MERGED from [com.android.support:recyclerview-v7:26.0.1] AndroidManifest.xml:22:5-26:19
MERGED from [com.android.support:support-core-ui:26.0.1] AndroidManifest.xml:25:5-29:19
MERGED from [com.android.support:support-compat:26.0.1] AndroidManifest.xml:25:5-29:19
	android:label
		ADDED from src/main/AndroidManifest.xml:8:3-35
	android:supportsRtl
		ADDED from src/main/AndroidManifest.xml:10:3-29
	android:roundIcon
		ADDED from src/main/AndroidManifest.xml:9:3-48
	android:allowBackup
		ADDED from src/main/AndroidManifest.xml:6:3-29
	android:icon
		ADDED from src/main/AndroidManifest.xml:7:3-37
	android:theme
		ADDED from src/main/AndroidManifest.xml:11:3-34
activity#com.appsandgamesinc.myapplication.MainActivity
ADDED from src/main/AndroidManifest.xml:12:3-18:14
	android:name
		ADDED from src/main/AndroidManifest.xml:12:13-41
intent-filter#android.intent.action.MAINACTIVITY+android.intent.category.DEFAULT
ADDED from src/main/AndroidManifest.xml:13:4-17:20
action#android.intent.action.MAINACTIVITY
ADDED from src/main/AndroidManifest.xml:14:5-64
	android:name
		ADDED from src/main/AndroidManifest.xml:14:13-62
category#android.intent.category.DEFAULT
ADDED from src/main/AndroidManifest.xml:16:5-63
	android:name
		ADDED from src/main/AndroidManifest.xml:16:15-61
activity#com.appsandgamesinc.myapplication.FirstProfile
ADDED from src/main/AndroidManifest.xml:21:3-27:14
	android:name
		ADDED from src/main/AndroidManifest.xml:21:13-41
intent-filter#android.intent.action.FIRSTPROFILE+android.intent.category.DEFAULT
ADDED from src/main/AndroidManifest.xml:22:4-26:20
action#android.intent.action.FIRSTPROFILE
ADDED from src/main/AndroidManifest.xml:23:5-64
	android:name
		ADDED from src/main/AndroidManifest.xml:23:13-62
activity#com.appsandgamesinc.myapplication.Menu
ADDED from src/main/AndroidManifest.xml:29:3-35:14
	android:name
		ADDED from src/main/AndroidManifest.xml:29:13-33
intent-filter#android.intent.action.MAIN+android.intent.category.LAUNCHER
ADDED from src/main/AndroidManifest.xml:30:4-34:20
action#android.intent.action.MAIN
ADDED from src/main/AndroidManifest.xml:31:5-56
	android:name
		ADDED from src/main/AndroidManifest.xml:31:13-54
category#android.intent.category.LAUNCHER
ADDED from src/main/AndroidManifest.xml:33:5-64
	android:name
		ADDED from src/main/AndroidManifest.xml:33:15-62
activity#com.appsandgamesinc.myapplication.Gridview
ADDED from src/main/AndroidManifest.xml:37:3-43:14
	android:name
		ADDED from src/main/AndroidManifest.xml:37:13-37
intent-filter#android.intent.action.GRIDVIEW+android.intent.category.DEFAULT
ADDED from src/main/AndroidManifest.xml:38:4-42:20
action#android.intent.action.GRIDVIEW
ADDED from src/main/AndroidManifest.xml:39:5-60
	android:name
		ADDED from src/main/AndroidManifest.xml:39:13-58
activity#com.appsandgamesinc.myapplication.ListRecyclerview
ADDED from src/main/AndroidManifest.xml:45:3-51:14
	android:name
		ADDED from src/main/AndroidManifest.xml:45:13-45
intent-filter#android.intent.action.LISTRECYCLERVIEW+android.intent.category.DEFAULT
ADDED from src/main/AndroidManifest.xml:46:4-50:20
action#android.intent.action.LISTRECYCLERVIEW
ADDED from src/main/AndroidManifest.xml:47:5-68
	android:name
		ADDED from src/main/AndroidManifest.xml:47:13-66
activity#com.appsandgamesinc.myapplication.GridRecyclerview
ADDED from src/main/AndroidManifest.xml:53:3-59:14
	android:name
		ADDED from src/main/AndroidManifest.xml:53:13-45
intent-filter#android.intent.action.GRIDRECYCLERVIEW+android.intent.category.DEFAULT
ADDED from src/main/AndroidManifest.xml:54:4-58:20
action#android.intent.action.GRIDRECYCLERVIEW
ADDED from src/main/AndroidManifest.xml:55:5-68
	android:name
		ADDED from src/main/AndroidManifest.xml:55:13-66
activity#com.appsandgamesinc.myapplication.Video
ADDED from src/main/AndroidManifest.xml:61:3-67:14
	android:name
		ADDED from src/main/AndroidManifest.xml:61:13-34
intent-filter#android.intent.action.VIDEO+android.intent.category.DEFAULT
ADDED from src/main/AndroidManifest.xml:62:4-66:20
action#android.intent.action.VIDEO
ADDED from src/main/AndroidManifest.xml:63:5-57
	android:name
		ADDED from src/main/AndroidManifest.xml:63:13-55
activity#com.appsandgamesinc.myapplication.Music
ADDED from src/main/AndroidManifest.xml:69:3-75:14
	android:name
		ADDED from src/main/AndroidManifest.xml:69:13-34
intent-filter#android.intent.action.MUSIC+android.intent.category.DEFAULT
ADDED from src/main/AndroidManifest.xml:70:4-74:20
action#android.intent.action.MUSIC
ADDED from src/main/AndroidManifest.xml:71:5-57
	android:name
		ADDED from src/main/AndroidManifest.xml:71:13-55
uses-sdk
INJECTED from src/main/AndroidManifest.xml reason: use-sdk injection requested
MERGED from [com.android.support:appcompat-v7:26.0.1] AndroidManifest.xml:21:5-23:78
MERGED from [com.android.support:support-v4:26.0.1] AndroidManifest.xml:21:5-23:54
MERGED from [com.android.support:support-media-compat:26.0.1] AndroidManifest.xml:21:5-23:63
MERGED from [com.android.support:support-fragment:26.0.1] AndroidManifest.xml:21:5-23:60
MERGED from [com.android.support:support-core-utils:26.0.1] AndroidManifest.xml:21:5-23:61
MERGED from [com.android.support:animated-vector-drawable:26.0.1] AndroidManifest.xml:20:5-44
MERGED from [com.android.support:support-vector-drawable:26.0.1] AndroidManifest.xml:20:5-44
MERGED from [com.android.support.constraint:constraint-layout:1.0.2] AndroidManifest.xml:5:5-7:41
MERGED from [com.android.support:recyclerview-v7:26.0.1] AndroidManifest.xml:20:5-44
MERGED from [com.android.support:support-core-ui:26.0.1] AndroidManifest.xml:21:5-23:58
MERGED from [com.android.support:support-compat:26.0.1] AndroidManifest.xml:21:5-23:58
	tools:overrideLibrary
		ADDED from [com.android.support:appcompat-v7:26.0.1] AndroidManifest.xml:23:9-75
	android:targetSdkVersion
		INJECTED from src/main/AndroidManifest.xml
		INJECTED from src/main/AndroidManifest.xml
	android:minSdkVersion
		INJECTED from src/main/AndroidManifest.xml
		INJECTED from src/main/AndroidManifest.xml
meta-data#android.support.VERSION
ADDED from [com.android.support:appcompat-v7:26.0.1] AndroidManifest.xml:26:9-28:38
MERGED from [com.android.support:support-v4:26.0.1] AndroidManifest.xml:26:9-28:38
MERGED from [com.android.support:support-media-compat:26.0.1] AndroidManifest.xml:26:9-28:38
MERGED from [com.android.support:support-fragment:26.0.1] AndroidManifest.xml:26:9-28:38
MERGED from [com.android.support:support-core-utils:26.0.1] AndroidManifest.xml:26:9-28:38
MERGED from [com.android.support:animated-vector-drawable:26.0.1] AndroidManifest.xml:23:9-25:38
MERGED from [com.android.support:support-vector-drawable:26.0.1] AndroidManifest.xml:23:9-25:38
MERGED from [com.android.support:recyclerview-v7:26.0.1] AndroidManifest.xml:23:9-25:38
MERGED from [com.android.support:support-core-ui:26.0.1] AndroidManifest.xml:26:9-28:38
MERGED from [com.android.support:support-compat:26.0.1] AndroidManifest.xml:26:9-28:38
	android:value
		ADDED from [com.android.support:appcompat-v7:26.0.1] AndroidManifest.xml:28:13-35
	android:name
		ADDED from [com.android.support:appcompat-v7:26.0.1] AndroidManifest.xml:27:13-51